<?xml version="1.0" encoding="UTF-8"?>
<!-- Generated by org.testng.reporters.JUnitReportReporter -->
<testsuite skipped="0" hostname="Pawan" name="com.TestCases.HomePageTest" tests="1" failures="0" timestamp="06 Aug 2019 17:19:35 GMT" time="0.021" errors="0">
  <testcase name="homePage" time="0.021" classname="com.TestCases.HomePageTest"/>
</testsuite> <!-- com.TestCases.HomePageTest -->
